2017-05-29 23:37:49,337 [INFO] [DigikeyPartInfo] Input is not a list,                     converting string to list
2017-05-29 23:38:19,035 [INFO] [DigikeyPartInfo] Input is not a list,                     converting string to list
2017-05-30 00:20:17,312 [WARNING] [DigikeyPartInfo] Input is not a list,                     converting string to list
2017-05-30 00:23:57,029 [WARNING] [DigikeyPartInfo] Input is not a list,                     converting string to list
2017-05-30 00:24:25,450 [WARNING] [DigikeyPartInfo] Input is not a list,                     converting string to list
2017-05-30 00:25:49,342 [WARNING] [DigikeyPartInfo] Input is not a list,                     converting string to list
2017-05-30 15:17:21,153 [WARNING] [DigikeyPartInfo] Input is not a list, converting string to list
2017-05-30 15:18:04,841 [WARNING] [DigikeyPartInfo] Input is not a list, converting string to list
2017-05-30 15:21:11,832 [WARNING] [DigikeyPartInfo] Input is not a list, converting string to list
2017-05-30 15:22:16,026 [WARNING] [DigikeyPartInfo] Input is not a list, converting string to list
2017-05-30 15:23:56,121 [WARNING] [DigikeyPartInfo] Input is not a list, converting string to list
2017-05-30 15:24:18,357 [WARNING] [DigikeyPartInfo] Input is not a list, converting string to list
2017-05-30 15:24:38,915 [WARNING] [DigikeyPartInfo] Input is not a list, converting string to list
2017-05-30 15:24:39,674 [WARNING] [DigikeyPartInfo] Input is not a list, converting string to list
2017-06-01 00:33:36,139 [WARNING] [MultiPartDigikey] Input is not a list, converting string to list
2017-06-01 00:38:36,406 [WARNING] [MultiPartDigikey] Input is not a list, converting string to list
2017-06-01 00:51:50,987 [WARNING] [MultiPartDigikey] Input is not a list, converting string to list
2017-06-01 00:53:15,944 [WARNING] [MultiPartDigikey] Input is not a list, converting string to list
2017-06-01 00:54:05,712 [WARNING] [MultiPartDigikey] Input is not a list, converting string to list
2017-06-01 00:55:03,366 [WARNING] [MultiPartDigikey] Input is not a list, converting string to list
2017-06-01 00:55:40,989 [WARNING] [MultiPartDigikey] Input is not a list, converting string to list
2017-06-01 00:58:31,956 [WARNING] [MultiPartDigikey] Input is not a list, converting string to list
2017-06-01 01:02:58,633 [WARNING] [MultiPartDigikey] Input is not a list, converting string to list
2017-06-01 01:04:54,040 [WARNING] [MultiPartDigikey] Input is not a list, converting string to list
2017-06-01 01:11:18,978 [WARNING] [MultiPartDigikey] Input is not a list, converting string to list
2017-06-01 01:19:03,601 [WARNING] [MultiPartDigikey] Input is not a list, converting string to list
2017-06-01 01:26:06,000 [WARNING] [MultiPartDigikey] Input is not a list, converting string to list
2017-06-01 01:32:06,966 [WARNING] [MultiPartDigikey] Input is not a list, converting string to list
2017-06-01 01:32:32,144 [WARNING] [MultiPartDigikey] Input is not a list, converting string to list
2017-06-01 01:33:12,083 [WARNING] [MultiPartDigikey] Input is not a list, converting string to list
2017-06-01 01:35:05,564 [WARNING] [MultiPartDigikey] Input is not a list, converting string to list
2017-06-01 01:35:26,466 [WARNING] [MultiPartDigikey] Input is not a list, converting string to list
2017-06-01 01:42:16,951 [WARNING] [MultiPartDigikey] Input is not a list, converting string to list
2017-06-01 02:02:51,068 [WARNING] [MultiPartDigikey] Input is not a list, converting string to list
2017-06-01 02:15:45,471 [WARNING] [MultiPartDigikey] Input is not a list, converting string to list
2017-06-11 22:43:27,349 [WARNING] [MultiPartDigikey] Input is not a list, converting string to list
2017-06-17 15:44:15,518 [WARNING] [MultiPartDigikey] Input is not a list, converting string to list
2017-06-17 15:44:38,392 [WARNING] [MultiPartDigikey] Input is not a list, converting string to list
2017-06-17 15:49:23,933 [WARNING] [MultiPartDigikey] Input is not a list, converting string to list
2017-06-17 15:52:50,388 [WARNING] [MultiPartDigikey] Input is not a list, converting string to list
2017-06-17 15:52:51,589 [ERROR] [DigikeyPartInfo] There's no part found with this part number
2017-06-19 00:05:39,377 [WARNING] [MultiPartDigikey] Input is not a list, converting string to list
2017-06-19 00:05:40,522 [ERROR] [DigikeyPartInfo] There's no part found with this part number
2017-06-20 00:00:53,863 [WARNING] [MultiPartDigikey] Input is not a list, converting string to list
2017-06-20 00:00:55,284 [ERROR] [DigikeyPartInfo] There's no part found with this part number
